<?xml version="1.0" encoding="UTF-8"?>
<!-- Generated by org.testng.reporters.JUnitReportReporter -->
<testsuite hostname="Payal" failures="0" tests="18" name="Test.Amazon_Test" time="24.330" errors="0" timestamp="2022-12-18T21:56:13 EST" skipped="0">
  <testcase classname="Test.Amazon_Test" name="VerifyUrl" time="0.060"/>
  <system-out/>
  <testcase classname="Test.Amazon_Test" name="VerifyUrl" time="0.011"/>
  <system-out/>
  <testcase classname="Test.Amazon_Test" name="VerifyUrl" time="0.039"/>
  <system-out/>
  <testcase classname="Test.Amazon_Test" name="verifyHamBurgermenuclick" time="0.191"/>
  <system-out/>
  <testcase classname="Test.Amazon_Test" name="verifyHamBurgermenuclick" time="0.249"/>
  <system-out/>
  <testcase classname="Test.Amazon_Test" name="verifyHamBurgermenuclick" time="0.344"/>
  <system-out/>
  <testcase classname="Test.Amazon_Test" name="verifykidle" time="0.718"/>
  <system-out/>
  <testcase classname="Test.Amazon_Test" name="verifykidle" time="0.351"/>
  <system-out/>
  <testcase classname="Test.Amazon_Test" name="verifykidle" time="0.768"/>
  <system-out/>
  <testcase classname="Test.Amazon_Test" name="verifykindleScribe" time="2.715"/>
  <system-out/>
  <testcase classname="Test.Amazon_Test" name="verifykindleScribe" time="8.821"/>
  <system-out/>
  <testcase classname="Test.Amazon_Test" name="verifykindleScribe" time="4.619"/>
  <system-out/>
  <testcase classname="Test.Amazon_Test" name="verifyBuynow" time="1.303"/>
  <system-out/>
  <testcase classname="Test.Amazon_Test" name="verifyBuynow" time="2.600"/>
  <system-out/>
  <testcase classname="Test.Amazon_Test" name="verifyBuynow" time="1.362"/>
  <system-out/>
  <testcase classname="Test.Amazon_Test" name="verifysinginpage" time="0.041"/>
  <system-out/>
  <testcase classname="Test.Amazon_Test" name="verifysinginpage" time="0.054"/>
  <system-out/>
  <testcase classname="Test.Amazon_Test" name="verifysinginpage" time="0.084"/>
  <system-out/>
</testsuite> <!-- Test.Amazon_Test -->
