<?xml version="1.0" encoding="UTF-8"?>
<!-- Generated by org.testng.reporters.JUnitReportReporter -->
<testsuite hostname="Payal" failures="0" tests="3" name="Test.Launch" time="0.001" errors="0" timestamp="2022-12-17T18:17:05 EST" skipped="3">
  <testcase classname="Test.Launch" name="f" time="0.000">
    <skipped/>
  </testcase> <!-- f -->
  <system-out/>
  <testcase classname="Test.Launch" name="f" time="0.001">
    <skipped/>
  </testcase> <!-- f -->
  <system-out/>
  <testcase classname="Test.Launch" name="f" time="0.000">
    <skipped/>
  </testcase> <!-- f -->
  <system-out/>
</testsuite> <!-- Test.Launch -->
